Performing C SOURCE FILE Test CMAKE_HAVE_LIBC_PTHREAD failed with the following output:
Change Dir: /home/yq/work/Practice/commontk/CTK/build/CTK-build/CMakeFiles/CMakeTmp

Run Build Command(s):/usr/bin/make cmTC_c7f91/fast && make[3]: Entering directory '/home/yq/work/Practice/commontk/CTK/build/CTK-build/CMakeFiles/CMakeTmp'
/usr/bin/make -f CMakeFiles/cmTC_c7f91.dir/build.make CMakeFiles/cmTC_c7f91.dir/build
make[4]: Entering directory '/home/yq/work/Practice/commontk/CTK/build/CTK-build/CMakeFiles/CMakeTmp'
Building C object CMakeFiles/cmTC_c7f91.dir/src.c.o
/bin/x86_64-linux-gnu-gcc-9   -DCMAKE_HAVE_LIBC_PTHREAD   -o CMakeFiles/cmTC_c7f91.dir/src.c.o   -c /home/yq/work/Practice/commontk/CTK/build/CTK-build/CMakeFiles/CMakeTmp/src.c
Linking C executable cmTC_c7f91
/usr/bin/cmake -E cmake_link_script CMakeFiles/cmTC_c7f91.dir/link.txt --verbose=1
/bin/x86_64-linux-gnu-gcc-9  -DCMAKE_HAVE_LIBC_PTHREAD    CMakeFiles/cmTC_c7f91.dir/src.c.o  -o cmTC_c7f91 
/usr/bin/ld: CMakeFiles/cmTC_c7f91.dir/src.c.o: in function `main':
src.c:(.text+0x46): undefined reference to `pthread_create'
/usr/bin/ld: src.c:(.text+0x52): undefined reference to `pthread_detach'
/usr/bin/ld: src.c:(.text+0x63): undefined reference to `pthread_join'
collect2: error: ld returned 1 exit status
make[4]: *** [CMakeFiles/cmTC_c7f91.dir/build.make:87: cmTC_c7f91] Error 1
make[4]: Leaving directory '/home/yq/work/Practice/commontk/CTK/build/CTK-build/CMakeFiles/CMakeTmp'
make[3]: *** [Makefile:121: cmTC_c7f91/fast] Error 2
make[3]: Leaving directory '/home/yq/work/Practice/commontk/CTK/build/CTK-build/CMakeFiles/CMakeTmp'


Source file was:
#include <pthread.h>

void* test_func(void* data)
{
  return data;
}

int main(void)
{
  pthread_t thread;
  pthread_create(&thread, NULL, test_func, NULL);
  pthread_detach(thread);
  pthread_join(thread, NULL);
  pthread_atfork(NULL, NULL, NULL);
  pthread_exit(NULL);

  return 0;
}

