The system is: Linux - 5.15.0-41-generic - x86_64
Compiling the C compiler identification source file "CMakeCCompilerId.c" succeeded.
Compiler: /bin/x86_64-linux-gnu-gcc-9 
Build flags: 
Id flags:  

The output was:
0


Compilation of the C compiler identification source "CMakeCCompilerId.c" produced "a.out"

The C compiler identification is GNU, found in "/home/yq/work/Practice/CTK/build/CMakeFiles/3.16.3/CompilerIdC/a.out"

Compiling the CXX compiler identification source file "CMakeCXXCompilerId.cpp" succeeded.
Compiler: /bin/x86_64-linux-gnu-g++-9 
Build flags: 
Id flags:  

The output was:
0


Compilation of the CXX compiler identification source "CMakeCXXCompilerId.cpp" produced "a.out"

The CXX compiler identification is GNU, found in "/home/yq/work/Practice/CTK/build/CMakeFiles/3.16.3/CompilerIdCXX/a.out"

Determining if the C compiler works passed with the following output:
Change Dir: /home/yq/work/Practice/CTK/build/CMakeFiles/CMakeTmp

Run Build Command(s):/usr/bin/make cmTC_80cdb/fast && /usr/bin/make -f CMakeFiles/cmTC_80cdb.dir/build.make CMakeFiles/cmTC_80cdb.dir/build
make[1]: 进入目录“/home/yq/work/Practice/CTK/build/CMakeFiles/CMakeTmp”
Building C object CMakeFiles/cmTC_80cdb.dir/testCCompiler.c.o
/bin/x86_64-linux-gnu-gcc-9    -o CMakeFiles/cmTC_80cdb.dir/testCCompiler.c.o   -c /home/yq/work/Practice/CTK/build/CMakeFiles/CMakeTmp/testCCompiler.c
Linking C executable cmTC_80cdb
/usr/bin/cmake -E cmake_link_script CMakeFiles/cmTC_80cdb.dir/link.txt --verbose=1
/bin/x86_64-linux-gnu-gcc-9      -rdynamic CMakeFiles/cmTC_80cdb.dir/testCCompiler.c.o  -o cmTC_80cdb 
make[1]: 离开目录“/home/yq/work/Practice/CTK/build/CMakeFiles/CMakeTmp”



Detecting C compiler ABI info compiled with the following output:
Change Dir: /home/yq/work/Practice/CTK/build/CMakeFiles/CMakeTmp

Run Build Command(s):/usr/bin/make cmTC_474d6/fast && /usr/bin/make -f CMakeFiles/cmTC_474d6.dir/build.make CMakeFiles/cmTC_474d6.dir/build
make[1]: Entering directory '/home/yq/work/Practice/CTK/build/CMakeFiles/CMakeTmp'
Building C object CMakeFiles/cmTC_474d6.dir/CMakeCCompilerABI.c.o
/bin/x86_64-linux-gnu-gcc-9   -v -o CMakeFiles/cmTC_474d6.dir/CMakeCCompilerABI.c.o   -c /usr/share/cmake-3.16/Modules/CMakeCCompilerABI.c
Using built-in specs.
COLLECT_GCC=/bin/x86_64-linux-gnu-gcc-9
OFFLOAD_TARGET_NAMES=nvptx-none:hsa
OFFLOAD_TARGET_DEFAULT=1
Target: x86_64-linux-gnu
Configured with: ../src/configure -v --with-pkgversion='Ubuntu 9.4.0-1ubuntu1~20.04.1' --with-bugurl=file:///usr/share/doc/gcc-9/README.Bugs --enable-languages=c,ada,c++,go,brig,d,fortran,objc,obj-c++,gm2 --prefix=/usr --with-gcc-major-version-only --program-suffix=-9 --program-prefix=x86_64-linux-gnu- --enable-shared --enable-linker-build-id --libexecdir=/usr/lib --without-included-gettext --enable-threads=posix --libdir=/usr/lib --enable-nls --enable-clocale=gnu --enable-libstdcxx-debug --enable-libstdcxx-time=yes --with-default-libstdcxx-abi=new --enable-gnu-unique-object --disable-vtable-verify --enable-plugin --enable-default-pie --with-system-zlib --with-target-system-zlib=auto --enable-objc-gc=auto --enable-multiarch --disable-werror --with-arch-32=i686 --with-abi=m64 --with-multilib-list=m32,m64,mx32 --enable-multilib --with-tune=generic --enable-offload-targets=nvptx-none=/build/gcc-9-Av3uEd/gcc-9-9.4.0/debian/tmp-nvptx/usr,hsa --without-cuda-driver --enable-checking=release --build=x86_64-linux-gnu --host=x86_64-linux-gnu --target=x86_64-linux-gnu
Thread model: posix
gcc version 9.4.0 (Ubuntu 9.4.0-1ubuntu1~20.04.1) 
COLLECT_GCC_OPTIONS='-v' '-o' 'CMakeFiles/cmTC_474d6.dir/CMakeCCompilerABI.c.o' '-c' '-mtune=generic' '-march=x86-64'
 /usr/lib/gcc/x86_64-linux-gnu/9/cc1 -quiet -v -imultiarch x86_64-linux-gnu /usr/share/cmake-3.16/Modules/CMakeCCompilerABI.c -quiet -dumpbase CMakeCCompilerABI.c -mtune=generic -march=x86-64 -auxbase-strip CMakeFiles/cmTC_474d6.dir/CMakeCCompilerABI.c.o -version -fasynchronous-unwind-tables -fstack-protector-strong -Wformat -Wformat-security -fstack-clash-protection -fcf-protection -o /tmp/cc4tHi0p.s
GNU C17 (Ubuntu 9.4.0-1ubuntu1~20.04.1) version 9.4.0 (x86_64-linux-gnu)
	compiled by GNU C version 9.4.0, GMP version 6.2.0, MPFR version 4.0.2, MPC version 1.1.0, isl version isl-0.22.1-GMP

GGC heuristics: --param ggc-min-expand=100 --param ggc-min-heapsize=131072
ignoring nonexistent directory "/usr/local/include/x86_64-linux-gnu"
ignoring nonexistent directory "/usr/lib/gcc/x86_64-linux-gnu/9/include-fixed"
ignoring nonexistent directory "/usr/lib/gcc/x86_64-linux-gnu/9/../../../../x86_64-linux-gnu/include"
#include "..." search starts here:
#include <...> search starts here:
 /usr/lib/gcc/x86_64-linux-gnu/9/include
 /usr/local/include
 /usr/include/x86_64-linux-gnu
 /usr/include
End of search list.
GNU C17 (Ubuntu 9.4.0-1ubuntu1~20.04.1) version 9.4.0 (x86_64-linux-gnu)
	compiled by GNU C version 9.4.0, GMP version 6.2.0, MPFR version 4.0.2, MPC version 1.1.0, isl version isl-0.22.1-GMP

GGC heuristics: --param ggc-min-expand=100 --param ggc-min-heapsize=131072
Compiler executable checksum: c0c95c0b4209efec1c1892d5ff24030b
COLLECT_GCC_OPTIONS='-v' '-o' 'CMakeFiles/cmTC_474d6.dir/CMakeCCompilerABI.c.o' '-c' '-mtune=generic' '-march=x86-64'
 as -v --64 -o CMakeFiles/cmTC_474d6.dir/CMakeCCompilerABI.c.o /tmp/cc4tHi0p.s
GNU assembler version 2.34 (x86_64-linux-gnu) using BFD version (GNU Binutils for Ubuntu) 2.34
COMPILER_PATH=/usr/lib/gcc/x86_64-linux-gnu/9/:/usr/lib/gcc/x86_64-linux-gnu/9/:/usr/lib/gcc/x86_64-linux-gnu/:/usr/lib/gcc/x86_64-linux-gnu/9/:/usr/lib/gcc/x86_64-linux-gnu/
LIBRARY_PATH=/home/yq/work/Depend/3rdParty/Network/lib/../lib/:/home/yq/work/Depend/buildIn/Algorithm/lib/../lib/:/home/yq/work/Depend/buildIn/MotionLogicCenter/lib/../lib/:/usr/lib/gcc/x86_64-linux-gnu/9/:/usr/lib/gcc/x86_64-linux-gnu/9/../../../x86_64-linux-gnu/:/usr/lib/gcc/x86_64-linux-gnu/9/../../../../lib/:/lib/x86_64-linux-gnu/:/lib/../lib/:/usr/lib/x86_64-linux-gnu/:/usr/lib/../lib/:/home/yq/work/Depend/3rdParty/Network/lib/:/home/yq/work/Depend/buildIn/Algorithm/lib/:/home/yq/work/Depend/buildIn/MotionLogicCenter/lib/:./:/usr/lib/gcc/x86_64-linux-gnu/9/../../../:/lib/:/usr/lib/
COLLECT_GCC_OPTIONS='-v' '-o' 'CMakeFiles/cmTC_474d6.dir/CMakeCCompilerABI.c.o' '-c' '-mtune=generic' '-march=x86-64'
Linking C executable cmTC_474d6
/usr/bin/cmake -E cmake_link_script CMakeFiles/cmTC_474d6.dir/link.txt --verbose=1
/bin/x86_64-linux-gnu-gcc-9     -v -rdynamic CMakeFiles/cmTC_474d6.dir/CMakeCCompilerABI.c.o  -o cmTC_474d6 
Using built-in specs.
COLLECT_GCC=/bin/x86_64-linux-gnu-gcc-9
COLLECT_LTO_WRAPPER=/usr/lib/gcc/x86_64-linux-gnu/9/lto-wrapper
OFFLOAD_TARGET_NAMES=nvptx-none:hsa
OFFLOAD_TARGET_DEFAULT=1
Target: x86_64-linux-gnu
Configured with: ../src/configure -v --with-pkgversion='Ubuntu 9.4.0-1ubuntu1~20.04.1' --with-bugurl=file:///usr/share/doc/gcc-9/README.Bugs --enable-languages=c,ada,c++,go,brig,d,fortran,objc,obj-c++,gm2 --prefix=/usr --with-gcc-major-version-only --program-suffix=-9 --program-prefix=x86_64-linux-gnu- --enable-shared --enable-linker-build-id --libexecdir=/usr/lib --without-included-gettext --enable-threads=posix --libdir=/usr/lib --enable-nls --enable-clocale=gnu --enable-libstdcxx-debug --enable-libstdcxx-time=yes --with-default-libstdcxx-abi=new --enable-gnu-unique-object --disable-vtable-verify --enable-plugin --enable-default-pie --with-system-zlib --with-target-system-zlib=auto --enable-objc-gc=auto --enable-multiarch --disable-werror --with-arch-32=i686 --with-abi=m64 --with-multilib-list=m32,m64,mx32 --enable-multilib --with-tune=generic --enable-offload-targets=nvptx-none=/build/gcc-9-Av3uEd/gcc-9-9.4.0/debian/tmp-nvptx/usr,hsa --without-cuda-driver --enable-checking=release --build=x86_64-linux-gnu --host=x86_64-linux-gnu --target=x86_64-linux-gnu
Thread model: posix
gcc version 9.4.0 (Ubuntu 9.4.0-1ubuntu1~20.04.1) 
COMPILER_PATH=/usr/lib/gcc/x86_64-linux-gnu/9/:/usr/lib/gcc/x86_64-linux-gnu/9/:/usr/lib/gcc/x86_64-linux-gnu/:/usr/lib/gcc/x86_64-linux-gnu/9/:/usr/lib/gcc/x86_64-linux-gnu/
LIBRARY_PATH=/home/yq/work/Depend/3rdParty/Network/lib/../lib/:/home/yq/work/Depend/buildIn/Algorithm/lib/../lib/:/home/yq/work/Depend/buildIn/MotionLogicCenter/lib/../lib/:/usr/lib/gcc/x86_64-linux-gnu/9/:/usr/lib/gcc/x86_64-linux-gnu/9/../../../x86_64-linux-gnu/:/usr/lib/gcc/x86_64-linux-gnu/9/../../../../lib/:/lib/x86_64-linux-gnu/:/lib/../lib/:/usr/lib/x86_64-linux-gnu/:/usr/lib/../lib/:/home/yq/work/Depend/3rdParty/Network/lib/:/home/yq/work/Depend/buildIn/Algorithm/lib/:/home/yq/work/Depend/buildIn/MotionLogicCenter/lib/:./:/usr/lib/gcc/x86_64-linux-gnu/9/../../../:/lib/:/usr/lib/
COLLECT_GCC_OPTIONS='-v' '-rdynamic' '-o' 'cmTC_474d6' '-mtune=generic' '-march=x86-64'
 /usr/lib/gcc/x86_64-linux-gnu/9/collect2 -plugin /usr/lib/gcc/x86_64-linux-gnu/9/liblto_plugin.so -plugin-opt=/usr/lib/gcc/x86_64-linux-gnu/9/lto-wrapper -plugin-opt=-fresolution=/tmp/ccbUwIJS.res -plugin-opt=-pass-through=-lgcc -plugin-opt=-pass-through=-lgcc_s -plugin-opt=-pass-through=-lc -plugin-opt=-pass-through=-lgcc -plugin-opt=-pass-through=-lgcc_s --build-id --eh-frame-hdr -m elf_x86_64 --hash-style=gnu --as-needed -export-dynamic -dynamic-linker /lib64/ld-linux-x86-64.so.2 -pie -z now -z relro -o cmTC_474d6 /usr/lib/gcc/x86_64-linux-gnu/9/../../../x86_64-linux-gnu/Scrt1.o /usr/lib/gcc/x86_64-linux-gnu/9/../../../x86_64-linux-gnu/crti.o /usr/lib/gcc/x86_64-linux-gnu/9/crtbeginS.o -L/home/yq/work/Depend/3rdParty/Network/lib/../lib -L/home/yq/work/Depend/buildIn/Algorithm/lib/../lib -L/home/yq/work/Depend/buildIn/MotionLogicCenter/lib/../lib -L/usr/lib/gcc/x86_64-linux-gnu/9 -L/usr/lib/gcc/x86_64-linux-gnu/9/../../../x86_64-linux-gnu -L/usr/lib/gcc/x86_64-linux-gnu/9/../../../../lib -L/lib/x86_64-linux-gnu -L/lib/../lib -L/usr/lib/x86_64-linux-gnu -L/usr/lib/../lib -L/home/yq/work/Depend/3rdParty/Network/lib -L/home/yq/work/Depend/buildIn/Algorithm/lib -L/home/yq/work/Depend/buildIn/MotionLogicCenter/lib -L. -L/usr/lib/gcc/x86_64-linux-gnu/9/../../.. CMakeFiles/cmTC_474d6.dir/CMakeCCompilerABI.c.o -lgcc --push-state --as-needed -lgcc_s --pop-state -lc -lgcc --push-state --as-needed -lgcc_s --pop-state /usr/lib/gcc/x86_64-linux-gnu/9/crtendS.o /usr/lib/gcc/x86_64-linux-gnu/9/../../../x86_64-linux-gnu/crtn.o
COLLECT_GCC_OPTIONS='-v' '-rdynamic' '-o' 'cmTC_474d6' '-mtune=generic' '-march=x86-64'
make[1]: Leaving directory '/home/yq/work/Practice/CTK/build/CMakeFiles/CMakeTmp'



Parsed C implicit include dir info from above output: rv=done
  found start of include info
  found start of implicit include info
    add: [/usr/lib/gcc/x86_64-linux-gnu/9/include]
    add: [/usr/local/include]
    add: [/usr/include/x86_64-linux-gnu]
    add: [/usr/include]
  end of search list found
  collapse include dir [/usr/lib/gcc/x86_64-linux-gnu/9/include] ==> [/usr/lib/gcc/x86_64-linux-gnu/9/include]
  collapse include dir [/usr/local/include] ==> [/usr/local/include]
  collapse include dir [/usr/include/x86_64-linux-gnu] ==> [/usr/include/x86_64-linux-gnu]
  collapse include dir [/usr/include] ==> [/usr/include]
  implicit include dirs: [/usr/lib/gcc/x86_64-linux-gnu/9/include;/usr/local/include;/usr/include/x86_64-linux-gnu;/usr/include]


Parsed C implicit link information from above output:
  link line regex: [^( *|.*[/\])(ld|CMAKE_LINK_STARTFILE-NOTFOUND|([^/\]+-)?ld|collect2)[^/\]*( |$)]
  ignore line: [Change Dir: /home/yq/work/Practice/CTK/build/CMakeFiles/CMakeTmp]
  ignore line: []
  ignore line: [Run Build Command(s):/usr/bin/make cmTC_474d6/fast && /usr/bin/make -f CMakeFiles/cmTC_474d6.dir/build.make CMakeFiles/cmTC_474d6.dir/build]
  ignore line: [make[1]: Entering directory '/home/yq/work/Practice/CTK/build/CMakeFiles/CMakeTmp']
  ignore line: [Building C object CMakeFiles/cmTC_474d6.dir/CMakeCCompilerABI.c.o]
  ignore line: [/bin/x86_64-linux-gnu-gcc-9   -v -o CMakeFiles/cmTC_474d6.dir/CMakeCCompilerABI.c.o   -c /usr/share/cmake-3.16/Modules/CMakeCCompilerABI.c]
  ignore line: [Using built-in specs.]
  ignore line: [COLLECT_GCC=/bin/x86_64-linux-gnu-gcc-9]
  ignore line: [OFFLOAD_TARGET_NAMES=nvptx-none:hsa]
  ignore line: [OFFLOAD_TARGET_DEFAULT=1]
  ignore line: [Target: x86_64-linux-gnu]
  ignore line: [Configured with: ../src/configure -v --with-pkgversion='Ubuntu 9.4.0-1ubuntu1~20.04.1' --with-bugurl=file:///usr/share/doc/gcc-9/README.Bugs --enable-languages=c ada c++ go brig d fortran objc obj-c++ gm2 --prefix=/usr --with-gcc-major-version-only --program-suffix=-9 --program-prefix=x86_64-linux-gnu- --enable-shared --enable-linker-build-id --libexecdir=/usr/lib --without-included-gettext --enable-threads=posix --libdir=/usr/lib --enable-nls --enable-clocale=gnu --enable-libstdcxx-debug --enable-libstdcxx-time=yes --with-default-libstdcxx-abi=new --enable-gnu-unique-object --disable-vtable-verify --enable-plugin --enable-default-pie --with-system-zlib --with-target-system-zlib=auto --enable-objc-gc=auto --enable-multiarch --disable-werror --with-arch-32=i686 --with-abi=m64 --with-multilib-list=m32 m64 mx32 --enable-multilib --with-tune=generic --enable-offload-targets=nvptx-none=/build/gcc-9-Av3uEd/gcc-9-9.4.0/debian/tmp-nvptx/usr hsa --without-cuda-driver --enable-checking=release --build=x86_64-linux-gnu --host=x86_64-linux-gnu --target=x86_64-linux-gnu]
  ignore line: [Thread model: posix]
  ignore line: [gcc version 9.4.0 (Ubuntu 9.4.0-1ubuntu1~20.04.1) ]
  ignore line: [COLLECT_GCC_OPTIONS='-v' '-o' 'CMakeFiles/cmTC_474d6.dir/CMakeCCompilerABI.c.o' '-c' '-mtune=generic' '-march=x86-64']
  ignore line: [ /usr/lib/gcc/x86_64-linux-gnu/9/cc1 -quiet -v -imultiarch x86_64-linux-gnu /usr/share/cmake-3.16/Modules/CMakeCCompilerABI.c -quiet -dumpbase CMakeCCompilerABI.c -mtune=generic -march=x86-64 -auxbase-strip CMakeFiles/cmTC_474d6.dir/CMakeCCompilerABI.c.o -version -fasynchronous-unwind-tables -fstack-protector-strong -Wformat -Wformat-security -fstack-clash-protection -fcf-protection -o /tmp/cc4tHi0p.s]
  ignore line: [GNU C17 (Ubuntu 9.4.0-1ubuntu1~20.04.1) version 9.4.0 (x86_64-linux-gnu)]
  ignore line: [	compiled by GNU C version 9.4.0  GMP version 6.2.0  MPFR version 4.0.2  MPC version 1.1.0  isl version isl-0.22.1-GMP]
  ignore line: []
  ignore line: [GGC heuristics: --param ggc-min-expand=100 --param ggc-min-heapsize=131072]
  ignore line: [ignoring nonexistent directory "/usr/local/include/x86_64-linux-gnu"]
  ignore line: [ignoring nonexistent directory "/usr/lib/gcc/x86_64-linux-gnu/9/include-fixed"]
  ignore line: [ignoring nonexistent directory "/usr/lib/gcc/x86_64-linux-gnu/9/../../../../x86_64-linux-gnu/include"]
  ignore line: [#include "..." search starts here:]
  ignore line: [#include <...> search starts here:]
  ignore line: [ /usr/lib/gcc/x86_64-linux-gnu/9/include]
  ignore line: [ /usr/local/include]
  ignore line: [ /usr/include/x86_64-linux-gnu]
  ignore line: [ /usr/include]
  ignore line: [End of search list.]
  ignore line: [GNU C17 (Ubuntu 9.4.0-1ubuntu1~20.04.1) version 9.4.0 (x86_64-linux-gnu)]
  ignore line: [	compiled by GNU C version 9.4.0  GMP version 6.2.0  MPFR version 4.0.2  MPC version 1.1.0  isl version isl-0.22.1-GMP]
  ignore line: []
  ignore line: [GGC heuristics: --param ggc-min-expand=100 --param ggc-min-heapsize=131072]
  ignore line: [Compiler executable checksum: c0c95c0b4209efec1c1892d5ff24030b]
  ignore line: [COLLECT_GCC_OPTIONS='-v' '-o' 'CMakeFiles/cmTC_474d6.dir/CMakeCCompilerABI.c.o' '-c' '-mtune=generic' '-march=x86-64']
  ignore line: [ as -v --64 -o CMakeFiles/cmTC_474d6.dir/CMakeCCompilerABI.c.o /tmp/cc4tHi0p.s]
  ignore line: [GNU assembler version 2.34 (x86_64-linux-gnu) using BFD version (GNU Binutils for Ubuntu) 2.34]
  ignore line: [COMPILER_PATH=/usr/lib/gcc/x86_64-linux-gnu/9/:/usr/lib/gcc/x86_64-linux-gnu/9/:/usr/lib/gcc/x86_64-linux-gnu/:/usr/lib/gcc/x86_64-linux-gnu/9/:/usr/lib/gcc/x86_64-linux-gnu/]
  ignore line: [LIBRARY_PATH=/home/yq/work/Depend/3rdParty/Network/lib/../lib/:/home/yq/work/Depend/buildIn/Algorithm/lib/../lib/:/home/yq/work/Depend/buildIn/MotionLogicCenter/lib/../lib/:/usr/lib/gcc/x86_64-linux-gnu/9/:/usr/lib/gcc/x86_64-linux-gnu/9/../../../x86_64-linux-gnu/:/usr/lib/gcc/x86_64-linux-gnu/9/../../../../lib/:/lib/x86_64-linux-gnu/:/lib/../lib/:/usr/lib/x86_64-linux-gnu/:/usr/lib/../lib/:/home/yq/work/Depend/3rdParty/Network/lib/:/home/yq/work/Depend/buildIn/Algorithm/lib/:/home/yq/work/Depend/buildIn/MotionLogicCenter/lib/:./:/usr/lib/gcc/x86_64-linux-gnu/9/../../../:/lib/:/usr/lib/]
  ignore line: [COLLECT_GCC_OPTIONS='-v' '-o' 'CMakeFiles/cmTC_474d6.dir/CMakeCCompilerABI.c.o' '-c' '-mtune=generic' '-march=x86-64']
  ignore line: [Linking C executable cmTC_474d6]
  ignore line: [/usr/bin/cmake -E cmake_link_script CMakeFiles/cmTC_474d6.dir/link.txt --verbose=1]
  ignore line: [/bin/x86_64-linux-gnu-gcc-9     -v -rdynamic CMakeFiles/cmTC_474d6.dir/CMakeCCompilerABI.c.o  -o cmTC_474d6 ]
  ignore line: [Using built-in specs.]
  ignore line: [COLLECT_GCC=/bin/x86_64-linux-gnu-gcc-9]
  ignore line: [COLLECT_LTO_WRAPPER=/usr/lib/gcc/x86_64-linux-gnu/9/lto-wrapper]
  ignore line: [OFFLOAD_TARGET_NAMES=nvptx-none:hsa]
  ignore line: [OFFLOAD_TARGET_DEFAULT=1]
  ignore line: [Target: x86_64-linux-gnu]
  ignore line: [Configured with: ../src/configure -v --with-pkgversion='Ubuntu 9.4.0-1ubuntu1~20.04.1' --with-bugurl=file:///usr/share/doc/gcc-9/README.Bugs --enable-languages=c ada c++ go brig d fortran objc obj-c++ gm2 --prefix=/usr --with-gcc-major-version-only --program-suffix=-9 --program-prefix=x86_64-linux-gnu- --enable-shared --enable-linker-build-id --libexecdir=/usr/lib --without-included-gettext --enable-threads=posix --libdir=/usr/lib --enable-nls --enable-clocale=gnu --enable-libstdcxx-debug --enable-libstdcxx-time=yes --with-default-libstdcxx-abi=new --enable-gnu-unique-object --disable-vtable-verify --enable-plugin --enable-default-pie --with-system-zlib --with-target-system-zlib=auto --enable-objc-gc=auto --enable-multiarch --disable-werror --with-arch-32=i686 --with-abi=m64 --with-multilib-list=m32 m64 mx32 --enable-multilib --with-tune=generic --enable-offload-targets=nvptx-none=/build/gcc-9-Av3uEd/gcc-9-9.4.0/debian/tmp-nvptx/usr hsa --without-cuda-driver --enable-checking=release --build=x86_64-linux-gnu --host=x86_64-linux-gnu --target=x86_64-linux-gnu]
  ignore line: [Thread model: posix]
  ignore line: [gcc version 9.4.0 (Ubuntu 9.4.0-1ubuntu1~20.04.1) ]
  ignore line: [COMPILER_PATH=/usr/lib/gcc/x86_64-linux-gnu/9/:/usr/lib/gcc/x86_64-linux-gnu/9/:/usr/lib/gcc/x86_64-linux-gnu/:/usr/lib/gcc/x86_64-linux-gnu/9/:/usr/lib/gcc/x86_64-linux-gnu/]
  ignore line: [LIBRARY_PATH=/home/yq/work/Depend/3rdParty/Network/lib/../lib/:/home/yq/work/Depend/buildIn/Algorithm/lib/../lib/:/home/yq/work/Depend/buildIn/MotionLogicCenter/lib/../lib/:/usr/lib/gcc/x86_64-linux-gnu/9/:/usr/lib/gcc/x86_64-linux-gnu/9/../../../x86_64-linux-gnu/:/usr/lib/gcc/x86_64-linux-gnu/9/../../../../lib/:/lib/x86_64-linux-gnu/:/lib/../lib/:/usr/lib/x86_64-linux-gnu/:/usr/lib/../lib/:/home/yq/work/Depend/3rdParty/Network/lib/:/home/yq/work/Depend/buildIn/Algorithm/lib/:/home/yq/work/Depend/buildIn/MotionLogicCenter/lib/:./:/usr/lib/gcc/x86_64-linux-gnu/9/../../../:/lib/:/usr/lib/]
  ignore line: [COLLECT_GCC_OPTIONS='-v' '-rdynamic' '-o' 'cmTC_474d6' '-mtune=generic' '-march=x86-64']
  link line: [ /usr/lib/gcc/x86_64-linux-gnu/9/collect2 -plugin /usr/lib/gcc/x86_64-linux-gnu/9/liblto_plugin.so -plugin-opt=/usr/lib/gcc/x86_64-linux-gnu/9/lto-wrapper -plugin-opt=-fresolution=/tmp/ccbUwIJS.res -plugin-opt=-pass-through=-lgcc -plugin-opt=-pass-through=-lgcc_s -plugin-opt=-pass-through=-lc -plugin-opt=-pass-through=-lgcc -plugin-opt=-pass-through=-lgcc_s --build-id --eh-frame-hdr -m elf_x86_64 --hash-style=gnu --as-needed -export-dynamic -dynamic-linker /lib64/ld-linux-x86-64.so.2 -pie -z now -z relro -o cmTC_474d6 /usr/lib/gcc/x86_64-linux-gnu/9/../../../x86_64-linux-gnu/Scrt1.o /usr/lib/gcc/x86_64-linux-gnu/9/../../../x86_64-linux-gnu/crti.o /usr/lib/gcc/x86_64-linux-gnu/9/crtbeginS.o -L/home/yq/work/Depend/3rdParty/Network/lib/../lib -L/home/yq/work/Depend/buildIn/Algorithm/lib/../lib -L/home/yq/work/Depend/buildIn/MotionLogicCenter/lib/../lib -L/usr/lib/gcc/x86_64-linux-gnu/9 -L/usr/lib/gcc/x86_64-linux-gnu/9/../../../x86_64-linux-gnu -L/usr/lib/gcc/x86_64-linux-gnu/9/../../../../lib -L/lib/x86_64-linux-gnu -L/lib/../lib -L/usr/lib/x86_64-linux-gnu -L/usr/lib/../lib -L/home/yq/work/Depend/3rdParty/Network/lib -L/home/yq/work/Depend/buildIn/Algorithm/lib -L/home/yq/work/Depend/buildIn/MotionLogicCenter/lib -L. -L/usr/lib/gcc/x86_64-linux-gnu/9/../../.. CMakeFiles/cmTC_474d6.dir/CMakeCCompilerABI.c.o -lgcc --push-state --as-needed -lgcc_s --pop-state -lc -lgcc --push-state --as-needed -lgcc_s --pop-state /usr/lib/gcc/x86_64-linux-gnu/9/crtendS.o /usr/lib/gcc/x86_64-linux-gnu/9/../../../x86_64-linux-gnu/crtn.o]
    arg [/usr/lib/gcc/x86_64-linux-gnu/9/collect2] ==> ignore
    arg [-plugin] ==> ignore
    arg [/usr/lib/gcc/x86_64-linux-gnu/9/liblto_plugin.so] ==> ignore
    arg [-plugin-opt=/usr/lib/gcc/x86_64-linux-gnu/9/lto-wrapper] ==> ignore
    arg [-plugin-opt=-fresolution=/tmp/ccbUwIJS.res] ==> ignore
    arg [-plugin-opt=-pass-through=-lgcc] ==> ignore
    arg [-plugin-opt=-pass-through=-lgcc_s] ==> ignore
    arg [-plugin-opt=-pass-through=-lc] ==> ignore
    arg [-plugin-opt=-pass-through=-lgcc] ==> ignore
    arg [-plugin-opt=-pass-through=-lgcc_s] ==> ignore
    arg [--build-id] ==> ignore
    arg [--eh-frame-hdr] ==> ignore
    arg [-m] ==> ignore
    arg [elf_x86_64] ==> ignore
    arg [--hash-style=gnu] ==> ignore
    arg [--as-needed] ==> ignore
    arg [-export-dynamic] ==> ignore
    arg [-dynamic-linker] ==> ignore
    arg [/lib64/ld-linux-x86-64.so.2] ==> ignore
    arg [-pie] ==> ignore
    arg [-znow] ==> ignore
    arg [-zrelro] ==> ignore
    arg [-o] ==> ignore
    arg [cmTC_474d6] ==> ignore
    arg [/usr/lib/gcc/x86_64-linux-gnu/9/../../../x86_64-linux-gnu/Scrt1.o] ==> ignore
    arg [/usr/lib/gcc/x86_64-linux-gnu/9/../../../x86_64-linux-gnu/crti.o] ==> ignore
    arg [/usr/lib/gcc/x86_64-linux-gnu/9/crtbeginS.o] ==> ignore
    arg [-L/home/yq/work/Depend/3rdParty/Network/lib/../lib] ==> dir [/home/yq/work/Depend/3rdParty/Network/lib/../lib]
    arg [-L/home/yq/work/Depend/buildIn/Algorithm/lib/../lib] ==> dir [/home/yq/work/Depend/buildIn/Algorithm/lib/../lib]
    arg [-L/home/yq/work/Depend/buildIn/MotionLogicCenter/lib/../lib] ==> dir [/home/yq/work/Depend/buildIn/MotionLogicCenter/lib/../lib]
    arg [-L/usr/lib/gcc/x86_64-linux-gnu/9] ==> dir [/usr/lib/gcc/x86_64-linux-gnu/9]
    arg [-L/usr/lib/gcc/x86_64-linux-gnu/9/../../../x86_64-linux-gnu] ==> dir [/usr/lib/gcc/x86_64-linux-gnu/9/../../../x86_64-linux-gnu]
    arg [-L/usr/lib/gcc/x86_64-linux-gnu/9/../../../../lib] ==> dir [/usr/lib/gcc/x86_64-linux-gnu/9/../../../../lib]
    arg [-L/lib/x86_64-linux-gnu] ==> dir [/lib/x86_64-linux-gnu]
    arg [-L/lib/../lib] ==> dir [/lib/../lib]
    arg [-L/usr/lib/x86_64-linux-gnu] ==> dir [/usr/lib/x86_64-linux-gnu]
    arg [-L/usr/lib/../lib] ==> dir [/usr/lib/../lib]
    arg [-L/home/yq/work/Depend/3rdParty/Network/lib] ==> dir [/home/yq/work/Depend/3rdParty/Network/lib]
    arg [-L/home/yq/work/Depend/buildIn/Algorithm/lib] ==> dir [/home/yq/work/Depend/buildIn/Algorithm/lib]
    arg [-L/home/yq/work/Depend/buildIn/MotionLogicCenter/lib] ==> dir [/home/yq/work/Depend/buildIn/MotionLogicCenter/lib]
    arg [-L.] ==> ignore
    arg [-L/usr/lib/gcc/x86_64-linux-gnu/9/../../..] ==> dir [/usr/lib/gcc/x86_64-linux-gnu/9/../../..]
    arg [CMakeFiles/cmTC_474d6.dir/CMakeCCompilerABI.c.o] ==> ignore
    arg [-lgcc] ==> lib [gcc]
    arg [--push-state] ==> ignore
    arg [--as-needed] ==> ignore
    arg [-lgcc_s] ==> lib [gcc_s]
    arg [--pop-state] ==> ignore
    arg [-lc] ==> lib [c]
    arg [-lgcc] ==> lib [gcc]
    arg [--push-state] ==> ignore
    arg [--as-needed] ==> ignore
    arg [-lgcc_s] ==> lib [gcc_s]
    arg [--pop-state] ==> ignore
    arg [/usr/lib/gcc/x86_64-linux-gnu/9/crtendS.o] ==> ignore
    arg [/usr/lib/gcc/x86_64-linux-gnu/9/../../../x86_64-linux-gnu/crtn.o] ==> ignore
  collapse library dir [/home/yq/work/Depend/3rdParty/Network/lib/../lib] ==> [/home/yq/work/Depend/3rdParty/Network/lib]
  collapse library dir [/home/yq/work/Depend/buildIn/Algorithm/lib/../lib] ==> [/home/yq/work/Depend/buildIn/Algorithm/lib]
  collapse library dir [/home/yq/work/Depend/buildIn/MotionLogicCenter/lib/../lib] ==> [/home/yq/work/Depend/buildIn/MotionLogicCenter/lib]
  collapse library dir [/usr/lib/gcc/x86_64-linux-gnu/9] ==> [/usr/lib/gcc/x86_64-linux-gnu/9]
  collapse library dir [/usr/lib/gcc/x86_64-linux-gnu/9/../../../x86_64-linux-gnu] ==> [/usr/lib/x86_64-linux-gnu]
  collapse library dir [/usr/lib/gcc/x86_64-linux-gnu/9/../../../../lib] ==> [/usr/lib]
  collapse library dir [/lib/x86_64-linux-gnu] ==> [/lib/x86_64-linux-gnu]
  collapse library dir [/lib/../lib] ==> [/lib]
  collapse library dir [/usr/lib/x86_64-linux-gnu] ==> [/usr/lib/x86_64-linux-gnu]
  collapse library dir [/usr/lib/../lib] ==> [/usr/lib]
  collapse library dir [/home/yq/work/Depend/3rdParty/Network/lib] ==> [/home/yq/work/Depend/3rdParty/Network/lib]
  collapse library dir [/home/yq/work/Depend/buildIn/Algorithm/lib] ==> [/home/yq/work/Depend/buildIn/Algorithm/lib]
  collapse library dir [/home/yq/work/Depend/buildIn/MotionLogicCenter/lib] ==> [/home/yq/work/Depend/buildIn/MotionLogicCenter/lib]
  collapse library dir [/usr/lib/gcc/x86_64-linux-gnu/9/../../..] ==> [/usr/lib]
  implicit libs: [gcc;gcc_s;c;gcc;gcc_s]
  implicit dirs: [/home/yq/work/Depend/3rdParty/Network/lib;/home/yq/work/Depend/buildIn/Algorithm/lib;/home/yq/work/Depend/buildIn/MotionLogicCenter/lib;/usr/lib/gcc/x86_64-linux-gnu/9;/usr/lib/x86_64-linux-gnu;/usr/lib;/lib/x86_64-linux-gnu;/lib]
  implicit fwks: []


Determining if the CXX compiler works passed with the following output:
Change Dir: /home/yq/work/Practice/CTK/build/CMakeFiles/CMakeTmp

Run Build Command(s):/usr/bin/make cmTC_21522/fast && /usr/bin/make -f CMakeFiles/cmTC_21522.dir/build.make CMakeFiles/cmTC_21522.dir/build
make[1]: 进入目录“/home/yq/work/Practice/CTK/build/CMakeFiles/CMakeTmp”
Building CXX object CMakeFiles/cmTC_21522.dir/testCXXCompiler.cxx.o
/bin/x86_64-linux-gnu-g++-9     -o CMakeFiles/cmTC_21522.dir/testCXXCompiler.cxx.o -c /home/yq/work/Practice/CTK/build/CMakeFiles/CMakeTmp/testCXXCompiler.cxx
Linking CXX executable cmTC_21522
/usr/bin/cmake -E cmake_link_script CMakeFiles/cmTC_21522.dir/link.txt --verbose=1
/bin/x86_64-linux-gnu-g++-9       -rdynamic CMakeFiles/cmTC_21522.dir/testCXXCompiler.cxx.o  -o cmTC_21522 
make[1]: 离开目录“/home/yq/work/Practice/CTK/build/CMakeFiles/CMakeTmp”



Detecting CXX compiler ABI info compiled with the following output:
Change Dir: /home/yq/work/Practice/CTK/build/CMakeFiles/CMakeTmp

Run Build Command(s):/usr/bin/make cmTC_714cb/fast && /usr/bin/make -f CMakeFiles/cmTC_714cb.dir/build.make CMakeFiles/cmTC_714cb.dir/build
make[1]: Entering directory '/home/yq/work/Practice/CTK/build/CMakeFiles/CMakeTmp'
Building CXX object CMakeFiles/cmTC_714cb.dir/CMakeCXXCompilerABI.cpp.o
/bin/x86_64-linux-gnu-g++-9    -v -o CMakeFiles/cmTC_714cb.dir/CMakeCXXCompilerABI.cpp.o -c /usr/share/cmake-3.16/Modules/CMakeCXXCompilerABI.cpp
Using built-in specs.
COLLECT_GCC=/bin/x86_64-linux-gnu-g++-9
OFFLOAD_TARGET_NAMES=nvptx-none:hsa
OFFLOAD_TARGET_DEFAULT=1
Target: x86_64-linux-gnu
Configured with: ../src/configure -v --with-pkgversion='Ubuntu 9.4.0-1ubuntu1~20.04.1' --with-bugurl=file:///usr/share/doc/gcc-9/README.Bugs --enable-languages=c,ada,c++,go,brig,d,fortran,objc,obj-c++,gm2 --prefix=/usr --with-gcc-major-version-only --program-suffix=-9 --program-prefix=x86_64-linux-gnu- --enable-shared --enable-linker-build-id --libexecdir=/usr/lib --without-included-gettext --enable-threads=posix --libdir=/usr/lib --enable-nls --enable-clocale=gnu --enable-libstdcxx-debug --enable-libstdcxx-time=yes --with-default-libstdcxx-abi=new --enable-gnu-unique-object --disable-vtable-verify --enable-plugin --enable-default-pie --with-system-zlib --with-target-system-zlib=auto --enable-objc-gc=auto --enable-multiarch --disable-werror --with-arch-32=i686 --with-abi=m64 --with-multilib-list=m32,m64,mx32 --enable-multilib --with-tune=generic --enable-offload-targets=nvptx-none=/build/gcc-9-Av3uEd/gcc-9-9.4.0/debian/tmp-nvptx/usr,hsa --without-cuda-driver --enable-checking=release --build=x86_64-linux-gnu --host=x86_64-linux-gnu --target=x86_64-linux-gnu
Thread model: posix
gcc version 9.4.0 (Ubuntu 9.4.0-1ubuntu1~20.04.1) 
COLLECT_GCC_OPTIONS='-v' '-o' 'CMakeFiles/cmTC_714cb.dir/CMakeCXXCompilerABI.cpp.o' '-c' '-shared-libgcc' '-mtune=generic' '-march=x86-64'
 /usr/lib/gcc/x86_64-linux-gnu/9/cc1plus -quiet -v -imultiarch x86_64-linux-gnu -D_GNU_SOURCE /usr/share/cmake-3.16/Modules/CMakeCXXCompilerABI.cpp -quiet -dumpbase CMakeCXXCompilerABI.cpp -mtune=generic -march=x86-64 -auxbase-strip CMakeFiles/cmTC_714cb.dir/CMakeCXXCompilerABI.cpp.o -version -fasynchronous-unwind-tables -fstack-protector-strong -Wformat -Wformat-security -fstack-clash-protection -fcf-protection -o /tmp/cczWDXjK.s
GNU C++14 (Ubuntu 9.4.0-1ubuntu1~20.04.1) version 9.4.0 (x86_64-linux-gnu)
	compiled by GNU C version 9.4.0, GMP version 6.2.0, MPFR version 4.0.2, MPC version 1.1.0, isl version isl-0.22.1-GMP

GGC heuristics: --param ggc-min-expand=100 --param ggc-min-heapsize=131072
ignoring duplicate directory "/usr/include/x86_64-linux-gnu/c++/9"
ignoring nonexistent directory "/usr/local/include/x86_64-linux-gnu"
ignoring nonexistent directory "/usr/lib/gcc/x86_64-linux-gnu/9/include-fixed"
ignoring nonexistent directory "/usr/lib/gcc/x86_64-linux-gnu/9/../../../../x86_64-linux-gnu/include"
#include "..." search starts here:
#include <...> search starts here:
 /usr/include/c++/9
 /usr/include/x86_64-linux-gnu/c++/9
 /usr/include/c++/9/backward
 /usr/lib/gcc/x86_64-linux-gnu/9/include
 /usr/local/include
 /usr/include/x86_64-linux-gnu
 /usr/include
End of search list.
GNU C++14 (Ubuntu 9.4.0-1ubuntu1~20.04.1) version 9.4.0 (x86_64-linux-gnu)
	compiled by GNU C version 9.4.0, GMP version 6.2.0, MPFR version 4.0.2, MPC version 1.1.0, isl version isl-0.22.1-GMP

GGC heuristics: --param ggc-min-expand=100 --param ggc-min-heapsize=131072
Compiler executable checksum: 65fe925b83d3956b533de4aaba7dace0
COLLECT_GCC_OPTIONS='-v' '-o' 'CMakeFiles/cmTC_714cb.dir/CMakeCXXCompilerABI.cpp.o' '-c' '-shared-libgcc' '-mtune=generic' '-march=x86-64'
 as -v --64 -o CMakeFiles/cmTC_714cb.dir/CMakeCXXCompilerABI.cpp.o /tmp/cczWDXjK.s
GNU assembler version 2.34 (x86_64-linux-gnu) using BFD version (GNU Binutils for Ubuntu) 2.34
COMPILER_PATH=/usr/lib/gcc/x86_64-linux-gnu/9/:/usr/lib/gcc/x86_64-linux-gnu/9/:/usr/lib/gcc/x86_64-linux-gnu/:/usr/lib/gcc/x86_64-linux-gnu/9/:/usr/lib/gcc/x86_64-linux-gnu/
LIBRARY_PATH=/home/yq/work/Depend/3rdParty/Network/lib/../lib/:/home/yq/work/Depend/buildIn/Algorithm/lib/../lib/:/home/yq/work/Depend/buildIn/MotionLogicCenter/lib/../lib/:/usr/lib/gcc/x86_64-linux-gnu/9/:/usr/lib/gcc/x86_64-linux-gnu/9/../../../x86_64-linux-gnu/:/usr/lib/gcc/x86_64-linux-gnu/9/../../../../lib/:/lib/x86_64-linux-gnu/:/lib/../lib/:/usr/lib/x86_64-linux-gnu/:/usr/lib/../lib/:/home/yq/work/Depend/3rdParty/Network/lib/:/home/yq/work/Depend/buildIn/Algorithm/lib/:/home/yq/work/Depend/buildIn/MotionLogicCenter/lib/:./:/usr/lib/gcc/x86_64-linux-gnu/9/../../../:/lib/:/usr/lib/
COLLECT_GCC_OPTIONS='-v' '-o' 'CMakeFiles/cmTC_714cb.dir/CMakeCXXCompilerABI.cpp.o' '-c' '-shared-libgcc' '-mtune=generic' '-march=x86-64'
Linking CXX executable cmTC_714cb
/usr/bin/cmake -E cmake_link_script CMakeFiles/cmTC_714cb.dir/link.txt --verbose=1
/bin/x86_64-linux-gnu-g++-9      -v -rdynamic CMakeFiles/cmTC_714cb.dir/CMakeCXXCompilerABI.cpp.o  -o cmTC_714cb 
Using built-in specs.
COLLECT_GCC=/bin/x86_64-linux-gnu-g++-9
COLLECT_LTO_WRAPPER=/usr/lib/gcc/x86_64-linux-gnu/9/lto-wrapper
OFFLOAD_TARGET_NAMES=nvptx-none:hsa
OFFLOAD_TARGET_DEFAULT=1
Target: x86_64-linux-gnu
Configured with: ../src/configure -v --with-pkgversion='Ubuntu 9.4.0-1ubuntu1~20.04.1' --with-bugurl=file:///usr/share/doc/gcc-9/README.Bugs --enable-languages=c,ada,c++,go,brig,d,fortran,objc,obj-c++,gm2 --prefix=/usr --with-gcc-major-version-only --program-suffix=-9 --program-prefix=x86_64-linux-gnu- --enable-shared --enable-linker-build-id --libexecdir=/usr/lib --without-included-gettext --enable-threads=posix --libdir=/usr/lib --enable-nls --enable-clocale=gnu --enable-libstdcxx-debug --enable-libstdcxx-time=yes --with-default-libstdcxx-abi=new --enable-gnu-unique-object --disable-vtable-verify --enable-plugin --enable-default-pie --with-system-zlib --with-target-system-zlib=auto --enable-objc-gc=auto --enable-multiarch --disable-werror --with-arch-32=i686 --with-abi=m64 --with-multilib-list=m32,m64,mx32 --enable-multilib --with-tune=generic --enable-offload-targets=nvptx-none=/build/gcc-9-Av3uEd/gcc-9-9.4.0/debian/tmp-nvptx/usr,hsa --without-cuda-driver --enable-checking=release --build=x86_64-linux-gnu --host=x86_64-linux-gnu --target=x86_64-linux-gnu
Thread model: posix
gcc version 9.4.0 (Ubuntu 9.4.0-1ubuntu1~20.04.1) 
COMPILER_PATH=/usr/lib/gcc/x86_64-linux-gnu/9/:/usr/lib/gcc/x86_64-linux-gnu/9/:/usr/lib/gcc/x86_64-linux-gnu/:/usr/lib/gcc/x86_64-linux-gnu/9/:/usr/lib/gcc/x86_64-linux-gnu/
LIBRARY_PATH=/home/yq/work/Depend/3rdParty/Network/lib/../lib/:/home/yq/work/Depend/buildIn/Algorithm/lib/../lib/:/home/yq/work/Depend/buildIn/MotionLogicCenter/lib/../lib/:/usr/lib/gcc/x86_64-linux-gnu/9/:/usr/lib/gcc/x86_64-linux-gnu/9/../../../x86_64-linux-gnu/:/usr/lib/gcc/x86_64-linux-gnu/9/../../../../lib/:/lib/x86_64-linux-gnu/:/lib/../lib/:/usr/lib/x86_64-linux-gnu/:/usr/lib/../lib/:/home/yq/work/Depend/3rdParty/Network/lib/:/home/yq/work/Depend/buildIn/Algorithm/lib/:/home/yq/work/Depend/buildIn/MotionLogicCenter/lib/:./:/usr/lib/gcc/x86_64-linux-gnu/9/../../../:/lib/:/usr/lib/
COLLECT_GCC_OPTIONS='-v' '-rdynamic' '-o' 'cmTC_714cb' '-shared-libgcc' '-mtune=generic' '-march=x86-64'
 /usr/lib/gcc/x86_64-linux-gnu/9/collect2 -plugin /usr/lib/gcc/x86_64-linux-gnu/9/liblto_plugin.so -plugin-opt=/usr/lib/gcc/x86_64-linux-gnu/9/lto-wrapper -plugin-opt=-fresolution=/tmp/ccaWfMTa.res -plugin-opt=-pass-through=-lgcc_s -plugin-opt=-pass-through=-lgcc -plugin-opt=-pass-through=-lc -plugin-opt=-pass-through=-lgcc_s -plugin-opt=-pass-through=-lgcc --build-id --eh-frame-hdr -m elf_x86_64 --hash-style=gnu --as-needed -export-dynamic -dynamic-linker /lib64/ld-linux-x86-64.so.2 -pie -z now -z relro -o cmTC_714cb /usr/lib/gcc/x86_64-linux-gnu/9/../../../x86_64-linux-gnu/Scrt1.o /usr/lib/gcc/x86_64-linux-gnu/9/../../../x86_64-linux-gnu/crti.o /usr/lib/gcc/x86_64-linux-gnu/9/crtbeginS.o -L/home/yq/work/Depend/3rdParty/Network/lib/../lib -L/home/yq/work/Depend/buildIn/Algorithm/lib/../lib -L/home/yq/work/Depend/buildIn/MotionLogicCenter/lib/../lib -L/usr/lib/gcc/x86_64-linux-gnu/9 -L/usr/lib/gcc/x86_64-linux-gnu/9/../../../x86_64-linux-gnu -L/usr/lib/gcc/x86_64-linux-gnu/9/../../../../lib -L/lib/x86_64-linux-gnu -L/lib/../lib -L/usr/lib/x86_64-linux-gnu -L/usr/lib/../lib -L/home/yq/work/Depend/3rdParty/Network/lib -L/home/yq/work/Depend/buildIn/Algorithm/lib -L/home/yq/work/Depend/buildIn/MotionLogicCenter/lib -L. -L/usr/lib/gcc/x86_64-linux-gnu/9/../../.. CMakeFiles/cmTC_714cb.dir/CMakeCXXCompilerABI.cpp.o -lstdc++ -lm -lgcc_s -lgcc -lc -lgcc_s -lgcc /usr/lib/gcc/x86_64-linux-gnu/9/crtendS.o /usr/lib/gcc/x86_64-linux-gnu/9/../../../x86_64-linux-gnu/crtn.o
COLLECT_GCC_OPTIONS='-v' '-rdynamic' '-o' 'cmTC_714cb' '-shared-libgcc' '-mtune=generic' '-march=x86-64'
make[1]: Leaving directory '/home/yq/work/Practice/CTK/build/CMakeFiles/CMakeTmp'



Parsed CXX implicit include dir info from above output: rv=done
  found start of include info
  found start of implicit include info
    add: [/usr/include/c++/9]
    add: [/usr/include/x86_64-linux-gnu/c++/9]
    add: [/usr/include/c++/9/backward]
    add: [/usr/lib/gcc/x86_64-linux-gnu/9/include]
    add: [/usr/local/include]
    add: [/usr/include/x86_64-linux-gnu]
    add: [/usr/include]
  end of search list found
  collapse include dir [/usr/include/c++/9] ==> [/usr/include/c++/9]
  collapse include dir [/usr/include/x86_64-linux-gnu/c++/9] ==> [/usr/include/x86_64-linux-gnu/c++/9]
  collapse include dir [/usr/include/c++/9/backward] ==> [/usr/include/c++/9/backward]
  collapse include dir [/usr/lib/gcc/x86_64-linux-gnu/9/include] ==> [/usr/lib/gcc/x86_64-linux-gnu/9/include]
  collapse include dir [/usr/local/include] ==> [/usr/local/include]
  collapse include dir [/usr/include/x86_64-linux-gnu] ==> [/usr/include/x86_64-linux-gnu]
  collapse include dir [/usr/include] ==> [/usr/include]
  implicit include dirs: [/usr/include/c++/9;/usr/include/x86_64-linux-gnu/c++/9;/usr/include/c++/9/backward;/usr/lib/gcc/x86_64-linux-gnu/9/include;/usr/local/include;/usr/include/x86_64-linux-gnu;/usr/include]


Parsed CXX implicit link information from above output:
  link line regex: [^( *|.*[/\])(ld|CMAKE_LINK_STARTFILE-NOTFOUND|([^/\]+-)?ld|collect2)[^/\]*( |$)]
  ignore line: [Change Dir: /home/yq/work/Practice/CTK/build/CMakeFiles/CMakeTmp]
  ignore line: []
  ignore line: [Run Build Command(s):/usr/bin/make cmTC_714cb/fast && /usr/bin/make -f CMakeFiles/cmTC_714cb.dir/build.make CMakeFiles/cmTC_714cb.dir/build]
  ignore line: [make[1]: Entering directory '/home/yq/work/Practice/CTK/build/CMakeFiles/CMakeTmp']
  ignore line: [Building CXX object CMakeFiles/cmTC_714cb.dir/CMakeCXXCompilerABI.cpp.o]
  ignore line: [/bin/x86_64-linux-gnu-g++-9    -v -o CMakeFiles/cmTC_714cb.dir/CMakeCXXCompilerABI.cpp.o -c /usr/share/cmake-3.16/Modules/CMakeCXXCompilerABI.cpp]
  ignore line: [Using built-in specs.]
  ignore line: [COLLECT_GCC=/bin/x86_64-linux-gnu-g++-9]
  ignore line: [OFFLOAD_TARGET_NAMES=nvptx-none:hsa]
  ignore line: [OFFLOAD_TARGET_DEFAULT=1]
  ignore line: [Target: x86_64-linux-gnu]
  ignore line: [Configured with: ../src/configure -v --with-pkgversion='Ubuntu 9.4.0-1ubuntu1~20.04.1' --with-bugurl=file:///usr/share/doc/gcc-9/README.Bugs --enable-languages=c ada c++ go brig d fortran objc obj-c++ gm2 --prefix=/usr --with-gcc-major-version-only --program-suffix=-9 --program-prefix=x86_64-linux-gnu- --enable-shared --enable-linker-build-id --libexecdir=/usr/lib --without-included-gettext --enable-threads=posix --libdir=/usr/lib --enable-nls --enable-clocale=gnu --enable-libstdcxx-debug --enable-libstdcxx-time=yes --with-default-libstdcxx-abi=new --enable-gnu-unique-object --disable-vtable-verify --enable-plugin --enable-default-pie --with-system-zlib --with-target-system-zlib=auto --enable-objc-gc=auto --enable-multiarch --disable-werror --with-arch-32=i686 --with-abi=m64 --with-multilib-list=m32 m64 mx32 --enable-multilib --with-tune=generic --enable-offload-targets=nvptx-none=/build/gcc-9-Av3uEd/gcc-9-9.4.0/debian/tmp-nvptx/usr hsa --without-cuda-driver --enable-checking=release --build=x86_64-linux-gnu --host=x86_64-linux-gnu --target=x86_64-linux-gnu]
  ignore line: [Thread model: posix]
  ignore line: [gcc version 9.4.0 (Ubuntu 9.4.0-1ubuntu1~20.04.1) ]
  ignore line: [COLLECT_GCC_OPTIONS='-v' '-o' 'CMakeFiles/cmTC_714cb.dir/CMakeCXXCompilerABI.cpp.o' '-c' '-shared-libgcc' '-mtune=generic' '-march=x86-64']
  ignore line: [ /usr/lib/gcc/x86_64-linux-gnu/9/cc1plus -quiet -v -imultiarch x86_64-linux-gnu -D_GNU_SOURCE /usr/share/cmake-3.16/Modules/CMakeCXXCompilerABI.cpp -quiet -dumpbase CMakeCXXCompilerABI.cpp -mtune=generic -march=x86-64 -auxbase-strip CMakeFiles/cmTC_714cb.dir/CMakeCXXCompilerABI.cpp.o -version -fasynchronous-unwind-tables -fstack-protector-strong -Wformat -Wformat-security -fstack-clash-protection -fcf-protection -o /tmp/cczWDXjK.s]
  ignore line: [GNU C++14 (Ubuntu 9.4.0-1ubuntu1~20.04.1) version 9.4.0 (x86_64-linux-gnu)]
  ignore line: [	compiled by GNU C version 9.4.0  GMP version 6.2.0  MPFR version 4.0.2  MPC version 1.1.0  isl version isl-0.22.1-GMP]
  ignore line: []
  ignore line: [GGC heuristics: --param ggc-min-expand=100 --param ggc-min-heapsize=131072]
  ignore line: [ignoring duplicate directory "/usr/include/x86_64-linux-gnu/c++/9"]
  ignore line: [ignoring nonexistent directory "/usr/local/include/x86_64-linux-gnu"]
  ignore line: [ignoring nonexistent directory "/usr/lib/gcc/x86_64-linux-gnu/9/include-fixed"]
  ignore line: [ignoring nonexistent directory "/usr/lib/gcc/x86_64-linux-gnu/9/../../../../x86_64-linux-gnu/include"]
  ignore line: [#include "..." search starts here:]
  ignore line: [#include <...> search starts here:]
  ignore line: [ /usr/include/c++/9]
  ignore line: [ /usr/include/x86_64-linux-gnu/c++/9]
  ignore line: [ /usr/include/c++/9/backward]
  ignore line: [ /usr/lib/gcc/x86_64-linux-gnu/9/include]
  ignore line: [ /usr/local/include]
  ignore line: [ /usr/include/x86_64-linux-gnu]
  ignore line: [ /usr/include]
  ignore line: [End of search list.]
  ignore line: [GNU C++14 (Ubuntu 9.4.0-1ubuntu1~20.04.1) version 9.4.0 (x86_64-linux-gnu)]
  ignore line: [	compiled by GNU C version 9.4.0  GMP version 6.2.0  MPFR version 4.0.2  MPC version 1.1.0  isl version isl-0.22.1-GMP]
  ignore line: []
  ignore line: [GGC heuristics: --param ggc-min-expand=100 --param ggc-min-heapsize=131072]
  ignore line: [Compiler executable checksum: 65fe925b83d3956b533de4aaba7dace0]
  ignore line: [COLLECT_GCC_OPTIONS='-v' '-o' 'CMakeFiles/cmTC_714cb.dir/CMakeCXXCompilerABI.cpp.o' '-c' '-shared-libgcc' '-mtune=generic' '-march=x86-64']
  ignore line: [ as -v --64 -o CMakeFiles/cmTC_714cb.dir/CMakeCXXCompilerABI.cpp.o /tmp/cczWDXjK.s]
  ignore line: [GNU assembler version 2.34 (x86_64-linux-gnu) using BFD version (GNU Binutils for Ubuntu) 2.34]
  ignore line: [COMPILER_PATH=/usr/lib/gcc/x86_64-linux-gnu/9/:/usr/lib/gcc/x86_64-linux-gnu/9/:/usr/lib/gcc/x86_64-linux-gnu/:/usr/lib/gcc/x86_64-linux-gnu/9/:/usr/lib/gcc/x86_64-linux-gnu/]
  ignore line: [LIBRARY_PATH=/home/yq/work/Depend/3rdParty/Network/lib/../lib/:/home/yq/work/Depend/buildIn/Algorithm/lib/../lib/:/home/yq/work/Depend/buildIn/MotionLogicCenter/lib/../lib/:/usr/lib/gcc/x86_64-linux-gnu/9/:/usr/lib/gcc/x86_64-linux-gnu/9/../../../x86_64-linux-gnu/:/usr/lib/gcc/x86_64-linux-gnu/9/../../../../lib/:/lib/x86_64-linux-gnu/:/lib/../lib/:/usr/lib/x86_64-linux-gnu/:/usr/lib/../lib/:/home/yq/work/Depend/3rdParty/Network/lib/:/home/yq/work/Depend/buildIn/Algorithm/lib/:/home/yq/work/Depend/buildIn/MotionLogicCenter/lib/:./:/usr/lib/gcc/x86_64-linux-gnu/9/../../../:/lib/:/usr/lib/]
  ignore line: [COLLECT_GCC_OPTIONS='-v' '-o' 'CMakeFiles/cmTC_714cb.dir/CMakeCXXCompilerABI.cpp.o' '-c' '-shared-libgcc' '-mtune=generic' '-march=x86-64']
  ignore line: [Linking CXX executable cmTC_714cb]
  ignore line: [/usr/bin/cmake -E cmake_link_script CMakeFiles/cmTC_714cb.dir/link.txt --verbose=1]
  ignore line: [/bin/x86_64-linux-gnu-g++-9      -v -rdynamic CMakeFiles/cmTC_714cb.dir/CMakeCXXCompilerABI.cpp.o  -o cmTC_714cb ]
  ignore line: [Using built-in specs.]
  ignore line: [COLLECT_GCC=/bin/x86_64-linux-gnu-g++-9]
  ignore line: [COLLECT_LTO_WRAPPER=/usr/lib/gcc/x86_64-linux-gnu/9/lto-wrapper]
  ignore line: [OFFLOAD_TARGET_NAMES=nvptx-none:hsa]
  ignore line: [OFFLOAD_TARGET_DEFAULT=1]
  ignore line: [Target: x86_64-linux-gnu]
  ignore line: [Configured with: ../src/configure -v --with-pkgversion='Ubuntu 9.4.0-1ubuntu1~20.04.1' --with-bugurl=file:///usr/share/doc/gcc-9/README.Bugs --enable-languages=c ada c++ go brig d fortran objc obj-c++ gm2 --prefix=/usr --with-gcc-major-version-only --program-suffix=-9 --program-prefix=x86_64-linux-gnu- --enable-shared --enable-linker-build-id --libexecdir=/usr/lib --without-included-gettext --enable-threads=posix --libdir=/usr/lib --enable-nls --enable-clocale=gnu --enable-libstdcxx-debug --enable-libstdcxx-time=yes --with-default-libstdcxx-abi=new --enable-gnu-unique-object --disable-vtable-verify --enable-plugin --enable-default-pie --with-system-zlib --with-target-system-zlib=auto --enable-objc-gc=auto --enable-multiarch --disable-werror --with-arch-32=i686 --with-abi=m64 --with-multilib-list=m32 m64 mx32 --enable-multilib --with-tune=generic --enable-offload-targets=nvptx-none=/build/gcc-9-Av3uEd/gcc-9-9.4.0/debian/tmp-nvptx/usr hsa --without-cuda-driver --enable-checking=release --build=x86_64-linux-gnu --host=x86_64-linux-gnu --target=x86_64-linux-gnu]
  ignore line: [Thread model: posix]
  ignore line: [gcc version 9.4.0 (Ubuntu 9.4.0-1ubuntu1~20.04.1) ]
  ignore line: [COMPILER_PATH=/usr/lib/gcc/x86_64-linux-gnu/9/:/usr/lib/gcc/x86_64-linux-gnu/9/:/usr/lib/gcc/x86_64-linux-gnu/:/usr/lib/gcc/x86_64-linux-gnu/9/:/usr/lib/gcc/x86_64-linux-gnu/]
  ignore line: [LIBRARY_PATH=/home/yq/work/Depend/3rdParty/Network/lib/../lib/:/home/yq/work/Depend/buildIn/Algorithm/lib/../lib/:/home/yq/work/Depend/buildIn/MotionLogicCenter/lib/../lib/:/usr/lib/gcc/x86_64-linux-gnu/9/:/usr/lib/gcc/x86_64-linux-gnu/9/../../../x86_64-linux-gnu/:/usr/lib/gcc/x86_64-linux-gnu/9/../../../../lib/:/lib/x86_64-linux-gnu/:/lib/../lib/:/usr/lib/x86_64-linux-gnu/:/usr/lib/../lib/:/home/yq/work/Depend/3rdParty/Network/lib/:/home/yq/work/Depend/buildIn/Algorithm/lib/:/home/yq/work/Depend/buildIn/MotionLogicCenter/lib/:./:/usr/lib/gcc/x86_64-linux-gnu/9/../../../:/lib/:/usr/lib/]
  ignore line: [COLLECT_GCC_OPTIONS='-v' '-rdynamic' '-o' 'cmTC_714cb' '-shared-libgcc' '-mtune=generic' '-march=x86-64']
  link line: [ /usr/lib/gcc/x86_64-linux-gnu/9/collect2 -plugin /usr/lib/gcc/x86_64-linux-gnu/9/liblto_plugin.so -plugin-opt=/usr/lib/gcc/x86_64-linux-gnu/9/lto-wrapper -plugin-opt=-fresolution=/tmp/ccaWfMTa.res -plugin-opt=-pass-through=-lgcc_s -plugin-opt=-pass-through=-lgcc -plugin-opt=-pass-through=-lc -plugin-opt=-pass-through=-lgcc_s -plugin-opt=-pass-through=-lgcc --build-id --eh-frame-hdr -m elf_x86_64 --hash-style=gnu --as-needed -export-dynamic -dynamic-linker /lib64/ld-linux-x86-64.so.2 -pie -z now -z relro -o cmTC_714cb /usr/lib/gcc/x86_64-linux-gnu/9/../../../x86_64-linux-gnu/Scrt1.o /usr/lib/gcc/x86_64-linux-gnu/9/../../../x86_64-linux-gnu/crti.o /usr/lib/gcc/x86_64-linux-gnu/9/crtbeginS.o -L/home/yq/work/Depend/3rdParty/Network/lib/../lib -L/home/yq/work/Depend/buildIn/Algorithm/lib/../lib -L/home/yq/work/Depend/buildIn/MotionLogicCenter/lib/../lib -L/usr/lib/gcc/x86_64-linux-gnu/9 -L/usr/lib/gcc/x86_64-linux-gnu/9/../../../x86_64-linux-gnu -L/usr/lib/gcc/x86_64-linux-gnu/9/../../../../lib -L/lib/x86_64-linux-gnu -L/lib/../lib -L/usr/lib/x86_64-linux-gnu -L/usr/lib/../lib -L/home/yq/work/Depend/3rdParty/Network/lib -L/home/yq/work/Depend/buildIn/Algorithm/lib -L/home/yq/work/Depend/buildIn/MotionLogicCenter/lib -L. -L/usr/lib/gcc/x86_64-linux-gnu/9/../../.. CMakeFiles/cmTC_714cb.dir/CMakeCXXCompilerABI.cpp.o -lstdc++ -lm -lgcc_s -lgcc -lc -lgcc_s -lgcc /usr/lib/gcc/x86_64-linux-gnu/9/crtendS.o /usr/lib/gcc/x86_64-linux-gnu/9/../../../x86_64-linux-gnu/crtn.o]
    arg [/usr/lib/gcc/x86_64-linux-gnu/9/collect2] ==> ignore
    arg [-plugin] ==> ignore
    arg [/usr/lib/gcc/x86_64-linux-gnu/9/liblto_plugin.so] ==> ignore
    arg [-plugin-opt=/usr/lib/gcc/x86_64-linux-gnu/9/lto-wrapper] ==> ignore
    arg [-plugin-opt=-fresolution=/tmp/ccaWfMTa.res] ==> ignore
    arg [-plugin-opt=-pass-through=-lgcc_s] ==> ignore
    arg [-plugin-opt=-pass-through=-lgcc] ==> ignore
    arg [-plugin-opt=-pass-through=-lc] ==> ignore
    arg [-plugin-opt=-pass-through=-lgcc_s] ==> ignore
    arg [-plugin-opt=-pass-through=-lgcc] ==> ignore
    arg [--build-id] ==> ignore
    arg [--eh-frame-hdr] ==> ignore
    arg [-m] ==> ignore
    arg [elf_x86_64] ==> ignore
    arg [--hash-style=gnu] ==> ignore
    arg [--as-needed] ==> ignore
    arg [-export-dynamic] ==> ignore
    arg [-dynamic-linker] ==> ignore
    arg [/lib64/ld-linux-x86-64.so.2] ==> ignore
    arg [-pie] ==> ignore
    arg [-znow] ==> ignore
    arg [-zrelro] ==> ignore
    arg [-o] ==> ignore
    arg [cmTC_714cb] ==> ignore
    arg [/usr/lib/gcc/x86_64-linux-gnu/9/../../../x86_64-linux-gnu/Scrt1.o] ==> ignore
    arg [/usr/lib/gcc/x86_64-linux-gnu/9/../../../x86_64-linux-gnu/crti.o] ==> ignore
    arg [/usr/lib/gcc/x86_64-linux-gnu/9/crtbeginS.o] ==> ignore
    arg [-L/home/yq/work/Depend/3rdParty/Network/lib/../lib] ==> dir [/home/yq/work/Depend/3rdParty/Network/lib/../lib]
    arg [-L/home/yq/work/Depend/buildIn/Algorithm/lib/../lib] ==> dir [/home/yq/work/Depend/buildIn/Algorithm/lib/../lib]
    arg [-L/home/yq/work/Depend/buildIn/MotionLogicCenter/lib/../lib] ==> dir [/home/yq/work/Depend/buildIn/MotionLogicCenter/lib/../lib]
    arg [-L/usr/lib/gcc/x86_64-linux-gnu/9] ==> dir [/usr/lib/gcc/x86_64-linux-gnu/9]
    arg [-L/usr/lib/gcc/x86_64-linux-gnu/9/../../../x86_64-linux-gnu] ==> dir [/usr/lib/gcc/x86_64-linux-gnu/9/../../../x86_64-linux-gnu]
    arg [-L/usr/lib/gcc/x86_64-linux-gnu/9/../../../../lib] ==> dir [/usr/lib/gcc/x86_64-linux-gnu/9/../../../../lib]
    arg [-L/lib/x86_64-linux-gnu] ==> dir [/lib/x86_64-linux-gnu]
    arg [-L/lib/../lib] ==> dir [/lib/../lib]
    arg [-L/usr/lib/x86_64-linux-gnu] ==> dir [/usr/lib/x86_64-linux-gnu]
    arg [-L/usr/lib/../lib] ==> dir [/usr/lib/../lib]
    arg [-L/home/yq/work/Depend/3rdParty/Network/lib] ==> dir [/home/yq/work/Depend/3rdParty/Network/lib]
    arg [-L/home/yq/work/Depend/buildIn/Algorithm/lib] ==> dir [/home/yq/work/Depend/buildIn/Algorithm/lib]
    arg [-L/home/yq/work/Depend/buildIn/MotionLogicCenter/lib] ==> dir [/home/yq/work/Depend/buildIn/MotionLogicCenter/lib]
    arg [-L.] ==> ignore
    arg [-L/usr/lib/gcc/x86_64-linux-gnu/9/../../..] ==> dir [/usr/lib/gcc/x86_64-linux-gnu/9/../../..]
    arg [CMakeFiles/cmTC_714cb.dir/CMakeCXXCompilerABI.cpp.o] ==> ignore
    arg [-lstdc++] ==> lib [stdc++]
    arg [-lm] ==> lib [m]
    arg [-lgcc_s] ==> lib [gcc_s]
    arg [-lgcc] ==> lib [gcc]
    arg [-lc] ==> lib [c]
    arg [-lgcc_s] ==> lib [gcc_s]
    arg [-lgcc] ==> lib [gcc]
    arg [/usr/lib/gcc/x86_64-linux-gnu/9/crtendS.o] ==> ignore
    arg [/usr/lib/gcc/x86_64-linux-gnu/9/../../../x86_64-linux-gnu/crtn.o] ==> ignore
  collapse library dir [/home/yq/work/Depend/3rdParty/Network/lib/../lib] ==> [/home/yq/work/Depend/3rdParty/Network/lib]
  collapse library dir [/home/yq/work/Depend/buildIn/Algorithm/lib/../lib] ==> [/home/yq/work/Depend/buildIn/Algorithm/lib]
  collapse library dir [/home/yq/work/Depend/buildIn/MotionLogicCenter/lib/../lib] ==> [/home/yq/work/Depend/buildIn/MotionLogicCenter/lib]
  collapse library dir [/usr/lib/gcc/x86_64-linux-gnu/9] ==> [/usr/lib/gcc/x86_64-linux-gnu/9]
  collapse library dir [/usr/lib/gcc/x86_64-linux-gnu/9/../../../x86_64-linux-gnu] ==> [/usr/lib/x86_64-linux-gnu]
  collapse library dir [/usr/lib/gcc/x86_64-linux-gnu/9/../../../../lib] ==> [/usr/lib]
  collapse library dir [/lib/x86_64-linux-gnu] ==> [/lib/x86_64-linux-gnu]
  collapse library dir [/lib/../lib] ==> [/lib]
  collapse library dir [/usr/lib/x86_64-linux-gnu] ==> [/usr/lib/x86_64-linux-gnu]
  collapse library dir [/usr/lib/../lib] ==> [/usr/lib]
  collapse library dir [/home/yq/work/Depend/3rdParty/Network/lib] ==> [/home/yq/work/Depend/3rdParty/Network/lib]
  collapse library dir [/home/yq/work/Depend/buildIn/Algorithm/lib] ==> [/home/yq/work/Depend/buildIn/Algorithm/lib]
  collapse library dir [/home/yq/work/Depend/buildIn/MotionLogicCenter/lib] ==> [/home/yq/work/Depend/buildIn/MotionLogicCenter/lib]
  collapse library dir [/usr/lib/gcc/x86_64-linux-gnu/9/../../..] ==> [/usr/lib]
  implicit libs: [stdc++;m;gcc_s;gcc;c;gcc_s;gcc]
  implicit dirs: [/home/yq/work/Depend/3rdParty/Network/lib;/home/yq/work/Depend/buildIn/Algorithm/lib;/home/yq/work/Depend/buildIn/MotionLogicCenter/lib;/usr/lib/gcc/x86_64-linux-gnu/9;/usr/lib/x86_64-linux-gnu;/usr/lib;/lib/x86_64-linux-gnu;/lib]
  implicit fwks: []


Determining if the CXX compiler accepts the flag -fvisibility=hidden passed with the following output:
Change Dir: /home/yq/work/Practice/CTK/build/CMakeFiles/CMakeTmp

Run Build Command(s):/usr/bin/make cmTC_cfd55/fast && /usr/bin/make -f CMakeFiles/cmTC_cfd55.dir/build.make CMakeFiles/cmTC_cfd55.dir/build
make[1]: 进入目录“/home/yq/work/Practice/CTK/build/CMakeFiles/CMakeTmp”
Building CXX object CMakeFiles/cmTC_cfd55.dir/DummyCXXFile.cxx.o
/bin/x86_64-linux-gnu-g++-9    -fvisibility=hidden   -o CMakeFiles/cmTC_cfd55.dir/DummyCXXFile.cxx.o -c /usr/share/cmake-3.16/Modules/DummyCXXFile.cxx
Linking CXX executable cmTC_cfd55
/usr/bin/cmake -E cmake_link_script CMakeFiles/cmTC_cfd55.dir/link.txt --verbose=1
/bin/x86_64-linux-gnu-g++-9   -fvisibility=hidden    -rdynamic CMakeFiles/cmTC_cfd55.dir/DummyCXXFile.cxx.o  -o cmTC_cfd55 
make[1]: 离开目录“/home/yq/work/Practice/CTK/build/CMakeFiles/CMakeTmp”



Determining if the CXX compiler accepts the flag -fvisibility-inlines-hidden passed with the following output:
Change Dir: /home/yq/work/Practice/CTK/build/CMakeFiles/CMakeTmp

Run Build Command(s):/usr/bin/make cmTC_fced4/fast && /usr/bin/make -f CMakeFiles/cmTC_fced4.dir/build.make CMakeFiles/cmTC_fced4.dir/build
make[1]: 进入目录“/home/yq/work/Practice/CTK/build/CMakeFiles/CMakeTmp”
Building CXX object CMakeFiles/cmTC_fced4.dir/DummyCXXFile.cxx.o
/bin/x86_64-linux-gnu-g++-9    -fvisibility-inlines-hidden   -o CMakeFiles/cmTC_fced4.dir/DummyCXXFile.cxx.o -c /usr/share/cmake-3.16/Modules/DummyCXXFile.cxx
Linking CXX executable cmTC_fced4
/usr/bin/cmake -E cmake_link_script CMakeFiles/cmTC_fced4.dir/link.txt --verbose=1
/bin/x86_64-linux-gnu-g++-9   -fvisibility-inlines-hidden    -rdynamic CMakeFiles/cmTC_fced4.dir/DummyCXXFile.cxx.o  -o cmTC_fced4 
make[1]: 离开目录“/home/yq/work/Practice/CTK/build/CMakeFiles/CMakeTmp”



Determining if the CXX compiler accepts the flag -fdiagnostics-show-option passed with the following output:
Change Dir: /home/yq/work/Practice/CTK/build/CMakeFiles/CMakeTmp

Run Build Command(s):/usr/bin/make cmTC_e1106/fast && /usr/bin/make -f CMakeFiles/cmTC_e1106.dir/build.make CMakeFiles/cmTC_e1106.dir/build
make[1]: 进入目录“/home/yq/work/Practice/CTK/build/CMakeFiles/CMakeTmp”
Building CXX object CMakeFiles/cmTC_e1106.dir/DummyCXXFile.cxx.o
/bin/x86_64-linux-gnu-g++-9    -fdiagnostics-show-option   -o CMakeFiles/cmTC_e1106.dir/DummyCXXFile.cxx.o -c /usr/share/cmake-3.16/Modules/DummyCXXFile.cxx
Linking CXX executable cmTC_e1106
/usr/bin/cmake -E cmake_link_script CMakeFiles/cmTC_e1106.dir/link.txt --verbose=1
/bin/x86_64-linux-gnu-g++-9   -fdiagnostics-show-option    -rdynamic CMakeFiles/cmTC_e1106.dir/DummyCXXFile.cxx.o  -o cmTC_e1106 
make[1]: 离开目录“/home/yq/work/Practice/CTK/build/CMakeFiles/CMakeTmp”



Determining if the CXX compiler accepts the flag -Wl,--no-undefined passed with the following output:
Change Dir: /home/yq/work/Practice/CTK/build/CMakeFiles/CMakeTmp

Run Build Command(s):/usr/bin/make cmTC_93112/fast && /usr/bin/make -f CMakeFiles/cmTC_93112.dir/build.make CMakeFiles/cmTC_93112.dir/build
make[1]: 进入目录“/home/yq/work/Practice/CTK/build/CMakeFiles/CMakeTmp”
Building CXX object CMakeFiles/cmTC_93112.dir/DummyCXXFile.cxx.o
/bin/x86_64-linux-gnu-g++-9    -Wl,--no-undefined   -o CMakeFiles/cmTC_93112.dir/DummyCXXFile.cxx.o -c /usr/share/cmake-3.16/Modules/DummyCXXFile.cxx
Linking CXX executable cmTC_93112
/usr/bin/cmake -E cmake_link_script CMakeFiles/cmTC_93112.dir/link.txt --verbose=1
/bin/x86_64-linux-gnu-g++-9   -Wl,--no-undefined    -rdynamic CMakeFiles/cmTC_93112.dir/DummyCXXFile.cxx.o  -o cmTC_93112 
make[1]: 离开目录“/home/yq/work/Practice/CTK/build/CMakeFiles/CMakeTmp”



Determining if the CXX compiler accepts the flag -fstack-protector-all passed with the following output:
Change Dir: /home/yq/work/Practice/CTK/build/CMakeFiles/CMakeTmp

Run Build Command(s):/usr/bin/make cmTC_a446b/fast && /usr/bin/make -f CMakeFiles/cmTC_a446b.dir/build.make CMakeFiles/cmTC_a446b.dir/build
make[1]: 进入目录“/home/yq/work/Practice/CTK/build/CMakeFiles/CMakeTmp”
Building CXX object CMakeFiles/cmTC_a446b.dir/DummyCXXFile.cxx.o
/bin/x86_64-linux-gnu-g++-9    -fstack-protector-all   -o CMakeFiles/cmTC_a446b.dir/DummyCXXFile.cxx.o -c /usr/share/cmake-3.16/Modules/DummyCXXFile.cxx
Linking CXX executable cmTC_a446b
/usr/bin/cmake -E cmake_link_script CMakeFiles/cmTC_a446b.dir/link.txt --verbose=1
/bin/x86_64-linux-gnu-g++-9   -fstack-protector-all    -rdynamic CMakeFiles/cmTC_a446b.dir/DummyCXXFile.cxx.o  -o cmTC_a446b 
make[1]: 离开目录“/home/yq/work/Practice/CTK/build/CMakeFiles/CMakeTmp”



Determining if the include file pthread.h exists passed with the following output:
Change Dir: /home/yq/work/Practice/CTK/build/CMakeFiles/CMakeTmp

Run Build Command(s):/usr/bin/make cmTC_e1198/fast && /usr/bin/make -f CMakeFiles/cmTC_e1198.dir/build.make CMakeFiles/cmTC_e1198.dir/build
make[1]: 进入目录“/home/yq/work/Practice/CTK/build/CMakeFiles/CMakeTmp”
Building C object CMakeFiles/cmTC_e1198.dir/CheckIncludeFile.c.o
/bin/x86_64-linux-gnu-gcc-9    -o CMakeFiles/cmTC_e1198.dir/CheckIncludeFile.c.o   -c /home/yq/work/Practice/CTK/build/CMakeFiles/CMakeTmp/CheckIncludeFile.c
Linking C executable cmTC_e1198
/usr/bin/cmake -E cmake_link_script CMakeFiles/cmTC_e1198.dir/link.txt --verbose=1
/bin/x86_64-linux-gnu-gcc-9      CMakeFiles/cmTC_e1198.dir/CheckIncludeFile.c.o  -o cmTC_e1198 
make[1]: 离开目录“/home/yq/work/Practice/CTK/build/CMakeFiles/CMakeTmp”



Performing C++ SOURCE FILE Test HAVE_STDATOMIC succeeded with the following output:
Change Dir: /home/yq/work/Practice/CTK/build/CMakeFiles/CMakeTmp

Run Build Command(s):/usr/bin/make cmTC_f2d05/fast && /usr/bin/make -f CMakeFiles/cmTC_f2d05.dir/build.make CMakeFiles/cmTC_f2d05.dir/build
make[1]: 进入目录“/home/yq/work/Practice/CTK/build/CMakeFiles/CMakeTmp”
Building CXX object CMakeFiles/cmTC_f2d05.dir/src.cxx.o
/bin/x86_64-linux-gnu-g++-9    -DHAVE_STDATOMIC   -o CMakeFiles/cmTC_f2d05.dir/src.cxx.o -c /home/yq/work/Practice/CTK/build/CMakeFiles/CMakeTmp/src.cxx
Linking CXX executable cmTC_f2d05
/usr/bin/cmake -E cmake_link_script CMakeFiles/cmTC_f2d05.dir/link.txt --verbose=1
/bin/x86_64-linux-gnu-g++-9   -DHAVE_STDATOMIC    CMakeFiles/cmTC_f2d05.dir/src.cxx.o  -o cmTC_f2d05 
make[1]: 离开目录“/home/yq/work/Practice/CTK/build/CMakeFiles/CMakeTmp”


Source file was:
#include <atomic>
#include <cstdint>

void test(volatile std::atomic<std::int64_t> &a)
{
    std::int64_t v = a.load(std::memory_order_acquire);
    while (!a.compare_exchange_strong(v, v + 1,
                                      std::memory_order_acq_rel,
                                      std::memory_order_acquire)) {
        v = a.exchange(v - 1);
    }
    a.store(v + 1, std::memory_order_release);
}

int main(int, char **)
{
    void *ptr = (void*)0xffffffc0; // any random pointer
    test(*reinterpret_cast<std::atomic<std::int64_t> *>(ptr));
    return 0;
}
Determining if the CXX compiler accepts the flag -fvisibility=hidden passed with the following output:
Change Dir: /home/yq/work/Practice/CTK/build/CMakeFiles/CMakeTmp

Run Build Command(s):/usr/bin/make cmTC_cf56b/fast && /usr/bin/make -f CMakeFiles/cmTC_cf56b.dir/build.make CMakeFiles/cmTC_cf56b.dir/build
make[1]: 进入目录“/home/yq/work/Practice/CTK/build/CMakeFiles/CMakeTmp”
Building CXX object CMakeFiles/cmTC_cf56b.dir/DummyCXXFile.cxx.o
/bin/x86_64-linux-gnu-g++-9    -fvisibility=hidden   -o CMakeFiles/cmTC_cf56b.dir/DummyCXXFile.cxx.o -c /usr/share/cmake-3.16/Modules/DummyCXXFile.cxx
Linking CXX executable cmTC_cf56b
/usr/bin/cmake -E cmake_link_script CMakeFiles/cmTC_cf56b.dir/link.txt --verbose=1
/bin/x86_64-linux-gnu-g++-9   -fvisibility=hidden    -rdynamic CMakeFiles/cmTC_cf56b.dir/DummyCXXFile.cxx.o  -o cmTC_cf56b 
make[1]: 离开目录“/home/yq/work/Practice/CTK/build/CMakeFiles/CMakeTmp”



Determining if the CXX compiler accepts the flag -fvisibility=hidden passed with the following output:
Change Dir: /home/yq/work/Practice/CTK/build/CMakeFiles/CMakeTmp

Run Build Command(s):/usr/bin/make cmTC_26760/fast && /usr/bin/make -f CMakeFiles/cmTC_26760.dir/build.make CMakeFiles/cmTC_26760.dir/build
make[1]: 进入目录“/home/yq/work/Practice/CTK/build/CMakeFiles/CMakeTmp”
Building CXX object CMakeFiles/cmTC_26760.dir/DummyCXXFile.cxx.o
/bin/x86_64-linux-gnu-g++-9    -fvisibility=hidden   -o CMakeFiles/cmTC_26760.dir/DummyCXXFile.cxx.o -c /usr/share/cmake-3.16/Modules/DummyCXXFile.cxx
Linking CXX executable cmTC_26760
/usr/bin/cmake -E cmake_link_script CMakeFiles/cmTC_26760.dir/link.txt --verbose=1
/bin/x86_64-linux-gnu-g++-9   -fvisibility=hidden    -rdynamic CMakeFiles/cmTC_26760.dir/DummyCXXFile.cxx.o  -o cmTC_26760 
make[1]: 离开目录“/home/yq/work/Practice/CTK/build/CMakeFiles/CMakeTmp”



Determining if the CXX compiler accepts the flag -fvisibility=hidden passed with the following output:
Change Dir: /home/yq/work/Practice/CTK/build/CMakeFiles/CMakeTmp

Run Build Command(s):/usr/bin/make cmTC_03ddb/fast && /usr/bin/make -f CMakeFiles/cmTC_03ddb.dir/build.make CMakeFiles/cmTC_03ddb.dir/build
make[1]: 进入目录“/home/yq/work/Practice/CTK/build/CMakeFiles/CMakeTmp”
Building CXX object CMakeFiles/cmTC_03ddb.dir/DummyCXXFile.cxx.o
/bin/x86_64-linux-gnu-g++-9    -fvisibility=hidden   -o CMakeFiles/cmTC_03ddb.dir/DummyCXXFile.cxx.o -c /usr/share/cmake-3.16/Modules/DummyCXXFile.cxx
Linking CXX executable cmTC_03ddb
/usr/bin/cmake -E cmake_link_script CMakeFiles/cmTC_03ddb.dir/link.txt --verbose=1
/bin/x86_64-linux-gnu-g++-9   -fvisibility=hidden    -rdynamic CMakeFiles/cmTC_03ddb.dir/DummyCXXFile.cxx.o  -o cmTC_03ddb 
make[1]: 离开目录“/home/yq/work/Practice/CTK/build/CMakeFiles/CMakeTmp”



Determining if the CXX compiler accepts the flag -fvisibility=hidden passed with the following output:
Change Dir: /home/yq/work/Practice/CTK/build/CMakeFiles/CMakeTmp

Run Build Command(s):/usr/bin/make cmTC_a8a07/fast && /usr/bin/make -f CMakeFiles/cmTC_a8a07.dir/build.make CMakeFiles/cmTC_a8a07.dir/build
make[1]: 进入目录“/home/yq/work/Practice/CTK/build/CMakeFiles/CMakeTmp”
Building CXX object CMakeFiles/cmTC_a8a07.dir/DummyCXXFile.cxx.o
/bin/x86_64-linux-gnu-g++-9    -fvisibility=hidden   -o CMakeFiles/cmTC_a8a07.dir/DummyCXXFile.cxx.o -c /usr/share/cmake-3.16/Modules/DummyCXXFile.cxx
Linking CXX executable cmTC_a8a07
/usr/bin/cmake -E cmake_link_script CMakeFiles/cmTC_a8a07.dir/link.txt --verbose=1
/bin/x86_64-linux-gnu-g++-9   -fvisibility=hidden    -rdynamic CMakeFiles/cmTC_a8a07.dir/DummyCXXFile.cxx.o  -o cmTC_a8a07 
make[1]: 离开目录“/home/yq/work/Practice/CTK/build/CMakeFiles/CMakeTmp”



Determining if the CXX compiler accepts the flag -fvisibility=hidden passed with the following output:
Change Dir: /home/yq/work/Practice/CTK/build/CMakeFiles/CMakeTmp

Run Build Command(s):/usr/bin/make cmTC_70eb5/fast && /usr/bin/make -f CMakeFiles/cmTC_70eb5.dir/build.make CMakeFiles/cmTC_70eb5.dir/build
make[1]: 进入目录“/home/yq/work/Practice/CTK/build/CMakeFiles/CMakeTmp”
Building CXX object CMakeFiles/cmTC_70eb5.dir/DummyCXXFile.cxx.o
/bin/x86_64-linux-gnu-g++-9    -fvisibility=hidden   -o CMakeFiles/cmTC_70eb5.dir/DummyCXXFile.cxx.o -c /usr/share/cmake-3.16/Modules/DummyCXXFile.cxx
Linking CXX executable cmTC_70eb5
/usr/bin/cmake -E cmake_link_script CMakeFiles/cmTC_70eb5.dir/link.txt --verbose=1
/bin/x86_64-linux-gnu-g++-9   -fvisibility=hidden    -rdynamic CMakeFiles/cmTC_70eb5.dir/DummyCXXFile.cxx.o  -o cmTC_70eb5 
make[1]: 离开目录“/home/yq/work/Practice/CTK/build/CMakeFiles/CMakeTmp”



Determining if the CXX compiler accepts the flag -fvisibility=hidden passed with the following output:
Change Dir: /home/yq/work/Practice/CTK/build/CMakeFiles/CMakeTmp

Run Build Command(s):/usr/bin/make cmTC_0b9c6/fast && /usr/bin/make -f CMakeFiles/cmTC_0b9c6.dir/build.make CMakeFiles/cmTC_0b9c6.dir/build
make[1]: 进入目录“/home/yq/work/Practice/CTK/build/CMakeFiles/CMakeTmp”
Building CXX object CMakeFiles/cmTC_0b9c6.dir/DummyCXXFile.cxx.o
/bin/x86_64-linux-gnu-g++-9    -fvisibility=hidden   -o CMakeFiles/cmTC_0b9c6.dir/DummyCXXFile.cxx.o -c /usr/share/cmake-3.16/Modules/DummyCXXFile.cxx
Linking CXX executable cmTC_0b9c6
/usr/bin/cmake -E cmake_link_script CMakeFiles/cmTC_0b9c6.dir/link.txt --verbose=1
/bin/x86_64-linux-gnu-g++-9   -fvisibility=hidden    -rdynamic CMakeFiles/cmTC_0b9c6.dir/DummyCXXFile.cxx.o  -o cmTC_0b9c6 
make[1]: 离开目录“/home/yq/work/Practice/CTK/build/CMakeFiles/CMakeTmp”



Determining if the CXX compiler accepts the flag -fvisibility=hidden passed with the following output:
Change Dir: /home/yq/work/Practice/CTK/build/CMakeFiles/CMakeTmp

Run Build Command(s):/usr/bin/make cmTC_42ff3/fast && /usr/bin/make -f CMakeFiles/cmTC_42ff3.dir/build.make CMakeFiles/cmTC_42ff3.dir/build
make[1]: 进入目录“/home/yq/work/Practice/CTK/build/CMakeFiles/CMakeTmp”
Building CXX object CMakeFiles/cmTC_42ff3.dir/DummyCXXFile.cxx.o
/bin/x86_64-linux-gnu-g++-9    -fvisibility=hidden   -o CMakeFiles/cmTC_42ff3.dir/DummyCXXFile.cxx.o -c /usr/share/cmake-3.16/Modules/DummyCXXFile.cxx
Linking CXX executable cmTC_42ff3
/usr/bin/cmake -E cmake_link_script CMakeFiles/cmTC_42ff3.dir/link.txt --verbose=1
/bin/x86_64-linux-gnu-g++-9   -fvisibility=hidden    -rdynamic CMakeFiles/cmTC_42ff3.dir/DummyCXXFile.cxx.o  -o cmTC_42ff3 
make[1]: 离开目录“/home/yq/work/Practice/CTK/build/CMakeFiles/CMakeTmp”



Determining if the CXX compiler accepts the flag -fvisibility=hidden passed with the following output:
Change Dir: /home/yq/work/Practice/CTK/build/CMakeFiles/CMakeTmp

Run Build Command(s):/usr/bin/make cmTC_30235/fast && /usr/bin/make -f CMakeFiles/cmTC_30235.dir/build.make CMakeFiles/cmTC_30235.dir/build
make[1]: 进入目录“/home/yq/work/Practice/CTK/build/CMakeFiles/CMakeTmp”
Building CXX object CMakeFiles/cmTC_30235.dir/DummyCXXFile.cxx.o
/bin/x86_64-linux-gnu-g++-9    -fvisibility=hidden   -o CMakeFiles/cmTC_30235.dir/DummyCXXFile.cxx.o -c /usr/share/cmake-3.16/Modules/DummyCXXFile.cxx
Linking CXX executable cmTC_30235
/usr/bin/cmake -E cmake_link_script CMakeFiles/cmTC_30235.dir/link.txt --verbose=1
/bin/x86_64-linux-gnu-g++-9   -fvisibility=hidden    -rdynamic CMakeFiles/cmTC_30235.dir/DummyCXXFile.cxx.o  -o cmTC_30235 
make[1]: 离开目录“/home/yq/work/Practice/CTK/build/CMakeFiles/CMakeTmp”



Determining if the CXX compiler accepts the flag -fvisibility=hidden passed with the following output:
Change Dir: /home/yq/work/Practice/CTK/build/CMakeFiles/CMakeTmp

Run Build Command(s):/usr/bin/make cmTC_5f77c/fast && /usr/bin/make -f CMakeFiles/cmTC_5f77c.dir/build.make CMakeFiles/cmTC_5f77c.dir/build
make[1]: 进入目录“/home/yq/work/Practice/CTK/build/CMakeFiles/CMakeTmp”
Building CXX object CMakeFiles/cmTC_5f77c.dir/DummyCXXFile.cxx.o
/bin/x86_64-linux-gnu-g++-9    -fvisibility=hidden   -o CMakeFiles/cmTC_5f77c.dir/DummyCXXFile.cxx.o -c /usr/share/cmake-3.16/Modules/DummyCXXFile.cxx
Linking CXX executable cmTC_5f77c
/usr/bin/cmake -E cmake_link_script CMakeFiles/cmTC_5f77c.dir/link.txt --verbose=1
/bin/x86_64-linux-gnu-g++-9   -fvisibility=hidden    -rdynamic CMakeFiles/cmTC_5f77c.dir/DummyCXXFile.cxx.o  -o cmTC_5f77c 
make[1]: 离开目录“/home/yq/work/Practice/CTK/build/CMakeFiles/CMakeTmp”



Determining if the CXX compiler accepts the flag -fvisibility=hidden passed with the following output:
Change Dir: /home/yq/work/Practice/CTK/build/CMakeFiles/CMakeTmp

Run Build Command(s):/usr/bin/make cmTC_dbbd8/fast && /usr/bin/make -f CMakeFiles/cmTC_dbbd8.dir/build.make CMakeFiles/cmTC_dbbd8.dir/build
make[1]: 进入目录“/home/yq/work/Practice/CTK/build/CMakeFiles/CMakeTmp”
Building CXX object CMakeFiles/cmTC_dbbd8.dir/DummyCXXFile.cxx.o
/bin/x86_64-linux-gnu-g++-9    -fvisibility=hidden   -o CMakeFiles/cmTC_dbbd8.dir/DummyCXXFile.cxx.o -c /usr/share/cmake-3.16/Modules/DummyCXXFile.cxx
Linking CXX executable cmTC_dbbd8
/usr/bin/cmake -E cmake_link_script CMakeFiles/cmTC_dbbd8.dir/link.txt --verbose=1
/bin/x86_64-linux-gnu-g++-9   -fvisibility=hidden    -rdynamic CMakeFiles/cmTC_dbbd8.dir/DummyCXXFile.cxx.o  -o cmTC_dbbd8 
make[1]: 离开目录“/home/yq/work/Practice/CTK/build/CMakeFiles/CMakeTmp”



Determining if the CXX compiler accepts the flag -fvisibility=hidden passed with the following output:
Change Dir: /home/yq/work/Practice/CTK/build/CMakeFiles/CMakeTmp

Run Build Command(s):/usr/bin/make cmTC_636f9/fast && /usr/bin/make -f CMakeFiles/cmTC_636f9.dir/build.make CMakeFiles/cmTC_636f9.dir/build
make[1]: 进入目录“/home/yq/work/Practice/CTK/build/CMakeFiles/CMakeTmp”
Building CXX object CMakeFiles/cmTC_636f9.dir/DummyCXXFile.cxx.o
/bin/x86_64-linux-gnu-g++-9    -fvisibility=hidden   -o CMakeFiles/cmTC_636f9.dir/DummyCXXFile.cxx.o -c /usr/share/cmake-3.16/Modules/DummyCXXFile.cxx
Linking CXX executable cmTC_636f9
/usr/bin/cmake -E cmake_link_script CMakeFiles/cmTC_636f9.dir/link.txt --verbose=1
/bin/x86_64-linux-gnu-g++-9   -fvisibility=hidden    -rdynamic CMakeFiles/cmTC_636f9.dir/DummyCXXFile.cxx.o  -o cmTC_636f9 
make[1]: 离开目录“/home/yq/work/Practice/CTK/build/CMakeFiles/CMakeTmp”



